METHOD: POST
REQUEST URL: https://boost.uts-dev01.tenant1.dev.evinova.com/userpod/jwt/v1
REQUEST BODY: {"tenantId":"dmdp-tenant","zoneId":"Europe/Stockholm","expireTimeSecs":3600}
RESPONSE METHOD: POST
RESPONSE URL: https://boost.uts-dev01.tenant1.dev.evinova.com/userpod/jwt/v1
STATUS CODE: 200
----------------------------------------
METHOD: GET
REQUEST URL: https://boost.uts-dev01.tenant1.dev.evinova.com/userpod/idp/light/v1/register?email=tenant_admin_iytbdtimvl@s3testmail.dmdp2.aws.intelpharma.net
RESPONSE METHOD: GET
RESPONSE URL: https://boost.uts-dev01.tenant1.dev.evinova.com/userpod/idp/light/v1/register?email=tenant_admin_iytbdtimvl@s3testmail.dmdp2.aws.intelpharma.net
STATUS CODE: 200
----------------------------------------
METHOD: GET
REQUEST URL: https://boost.uts-dev01.tenant1.dev.evinova.com/userpod/idp/light/v1?email=tenant_admin_iytbdtimvl@s3testmail.dmdp2.aws.intelpharma.net&pwd=qwerty
RESPONSE METHOD: GET
RESPONSE URL: https://boost.uts-dev01.tenant1.dev.evinova.com/userpod/idp/light/v1?email=tenant_admin_iytbdtimvl@s3testmail.dmdp2.aws.intelpharma.net&pwd=qwerty
STATUS CODE: 200
----------------------------------------
METHOD: GET
REQUEST URL: https://boost.uts-dev01.tenant1.dev.evinova.com/userpod/user/info/v1/mine?limit=500
RESPONSE METHOD: GET
RESPONSE URL: https://boost.uts-dev01.tenant1.dev.evinova.com/userpod/user/info/v1/mine?limit=500
STATUS CODE: 200
RESPONSE BODY: {"users":[]}
----------------------------------------
METHOD: POST
REQUEST URL: https://boost.uts-dev01.tenant1.dev.evinova.com/userpod/user/register/v1/tenant/dmdp_cu_EDC_TENANT_CONFIG_IyTBDTiMvl
REQUEST BODY: {"idpAccounts":[{"provider":"userpod.idp.light","email":"tenant_admin_iytbdtimvl@s3testmail.dmdp2.aws.intelpharma.net"}],"localization":{"countryCode":"se","langCode":"sv"},"contactPoints":[{"system":"EMAIL","value":"tenant_admin_iytbdtimvl@s3testmail.dmdp2.aws.intelpharma.net","primary":true}],"humanName":{"given":"TENANT_ADMIN","family":"tenant_admin_iytbdtimvl@s3testmail.dmdp2.aws.intelpharma.net"},"externalIds":[{"key":"TEST_REFERENCE","value":"TENANT_ADMIN"}],"roleAccessRefs":[{"accessRefs":[],"role":"TENANT_ADMIN"}]}
RESPONSE METHOD: POST
RESPONSE URL: https://boost.uts-dev01.tenant1.dev.evinova.com/userpod/user/register/v1/tenant/dmdp_cu_EDC_TENANT_CONFIG_IyTBDTiMvl
STATUS CODE: 200
RESPONSE BODY: {"userId":"68f9f12d3e9532731edf72d9","eventId":7564342224721282399,"status":"REGISTERED","statusTimestamp":1761210669706,"previousStatuses":[],"idpAccounts":[{"provider":"userpod.idp.light","identity":"tenant_admin_iytbdtimvl@s3testmail.dmdp2.aws.intelpharma.net","idpSubject":"tenant_admin_iytbdtimvl@s3testmail.dmdp2.aws.intelpharma.net","flowType":"USER_REGISTRATION","idpStatus":{"status":"EXISTING","lastModified":1761210669706},"verified":false}],"audit":{"createdAt":"2025-10-23T09:11:09.706Z[UTC]","createdBy":"66c3a29b7319e64a92ce5da5","lastModified":"2025-10-23T09:11:09.706Z[UTC]","modifiedBy":"66c3a29b7319e64a92ce5da5"},"localization":{"countryCode":"se","langCode":"sv"},"roleAccessRefs":[{"accessRefs":[],"role":"TENANT_ADMIN"}],"projects":[],"metas":[],"tags":[],"occasions":[],"customStatuses":[],"contactPoints":[{"contactPointId":"68f9f12d3e9532731edf72d8","system":"EMAIL","value":"tenant_admin_iytbdtimvl@s3testmail.dmdp2.aws.intelpharma.net","primary":true}],"humanName":{"given":"TENANT_ADMIN","family":"tenant_admin_iytbdtimvl@s3testmail.dmdp2.aws.intelpharma.net"},"externalIds":[{"key":"TEST_REFERENCE","value":"TENANT_ADMIN"}],"personal":{"gender":"UNKNOWN","createdAt":"2025-10-23T09:11:09.706Z","createdBy":"66c3a29b7319e64a92ce5da5"},"preferences":{},"metrics":{},"provisionedDevices":[]}
----------------------------------------
METHOD: POST
REQUEST URL: https://boost.uts-dev01.tenant1.dev.evinova.com/userpod/jwt/v1
REQUEST BODY: {"tenantId":"dmdp_cu_EDC_TENANT_CONFIG_IyTBDTiMvl","zoneId":"Europe/Stockholm","expireTimeSecs":3600,"version":"v1"}
RESPONSE METHOD: POST
RESPONSE URL: https://boost.uts-dev01.tenant1.dev.evinova.com/userpod/jwt/v1
STATUS CODE: 200
----------------------------------------
METHOD: PUT
REQUEST URL: https://boost.uts-dev01.tenant1.dev.evinova.com/userpod/user/activate/v1
RESPONSE METHOD: PUT
RESPONSE URL: https://boost.uts-dev01.tenant1.dev.evinova.com/userpod/user/activate/v1
STATUS CODE: 200
----------------------------------------
METHOD: POST
REQUEST URL: https://boost.uts-dev01.tenant1.dev.evinova.com/userpod/jwt/v1
REQUEST BODY: {"tenantId":"dmdp_cu_EDC_TENANT_CONFIG_IyTBDTiMvl","zoneId":"Europe/Stockholm","expireTimeSecs":3600,"version":"v1"}
RESPONSE METHOD: POST
RESPONSE URL: https://boost.uts-dev01.tenant1.dev.evinova.com/userpod/jwt/v1
STATUS CODE: 200
----------------------------------------
METHOD: GET
REQUEST URL: https://boost.uts-dev01.tenant1.dev.evinova.com/userpod/user/v1/mine
RESPONSE METHOD: GET
RESPONSE URL: https://boost.uts-dev01.tenant1.dev.evinova.com/userpod/user/v1/mine
STATUS CODE: 200
RESPONSE BODY: {"userId":"68f9f12d3e9532731edf72d9","eventId":7564342229016248603,"status":"ACTIVE","statusTimestamp":1761210670178,"previousStatuses":[{"status":"REGISTERED","time":1761210669706},{"status":"VERIFIED","time":1761210669849}],"idpAccounts":[{"provider":"userpod.idp.light","identity":"tenant_admin_iytbdtimvl@s3testmail.dmdp2.aws.intelpharma.net","idpSubject":"tenant_admin_iytbdtimvl@s3testmail.dmdp2.aws.intelpharma.net","flowType":"USER_REGISTRATION","idpStatus":{"status":"EXISTING","lastModified":1761210669706},"verified":true}],"audit":{"createdAt":"2025-10-23T09:11:09.706Z[UTC]","createdBy":"66c3a29b7319e64a92ce5da5","lastModified":"2025-10-23T09:11:10.178Z[UTC]","modifiedBy":"68f9f12d3e9532731edf72d9"},"localization":{"countryCode":"se","langCode":"sv"},"roleAccessRefs":[{"accessRefs":[],"role":"TENANT_ADMIN"}],"projects":[],"metas":[],"tags":[],"occasions":[],"customStatuses":[],"contactPoints":[{"contactPointId":"68f9f12d3e9532731edf72d8","system":"EMAIL","value":"tenant_admin_iytbdtimvl@s3testmail.dmdp2.aws.intelpharma.net","primary":true}],"humanName":{"given":"TENANT_ADMIN","family":"tenant_admin_iytbdtimvl@s3testmail.dmdp2.aws.intelpharma.net"},"externalIds":[{"key":"TEST_REFERENCE","value":"TENANT_ADMIN"}],"personal":{"gender":"UNKNOWN","createdAt":"2025-10-23T09:11:09.706Z","createdBy":"66c3a29b7319e64a92ce5da5","previousPersonals":[]},"preferences":{},"metrics":{"previousMetrics":[]},"provisionedDevices":[]}
----------------------------------------
METHOD: PUT
REQUEST URL: https://boost.uts-dev01.tenant1.dev.evinova.com/userpod/config/tenant/v1/userpod-user-mgmt-config/
REQUEST BODY: {"version":1,"data":{"sendInvitationEmailEnabled":false,"sendWithdrawEmailEnabled":false,"sendRegistrationEmailEnabled":false}}
RESPONSE METHOD: PUT
RESPONSE URL: https://boost.uts-dev01.tenant1.dev.evinova.com/userpod/config/tenant/v1/userpod-user-mgmt-config/
STATUS CODE: 200
----------------------------------------
METHOD: POST
REQUEST URL: https://boost.uts-dev01.tenant1.dev.evinova.com/userpod/user/service/v1
REQUEST BODY: {"clientId":"dmdp-service-study-admin","role":"SERVICE_STUDY_ADMIN"}
RESPONSE METHOD: POST
RESPONSE URL: https://boost.uts-dev01.tenant1.dev.evinova.com/userpod/user/service/v1
STATUS CODE: 200
RESPONSE BODY: {"userId":"68f9f12ed991e57e150c36fb","tenantId":"dmdp_cu_EDC_TENANT_CONFIG_IyTBDTiMvl","status":"ACTIVE","roleAccessRefs":[{"accessRefs":[],"role":"SERVICE_STUDY_ADMIN"}],"localization":{"countryCode":"zz","langCode":"en"}}
----------------------------------------
METHOD: GET
REQUEST URL: https://boost.uts-dev01.tenant1.dev.evinova.com/userpod/user/v1/68f9f12ed991e57e150c36fb
RESPONSE METHOD: GET
RESPONSE URL: https://boost.uts-dev01.tenant1.dev.evinova.com/userpod/user/v1/68f9f12ed991e57e150c36fb
STATUS CODE: 200
RESPONSE BODY: {"userId":"68f9f12ed991e57e150c36fb","eventId":7564342229016249506,"status":"ACTIVE","statusTimestamp":1761210670607,"previousStatuses":[{"status":"REGISTERED","time":1761210670607},{"status":"VERIFIED","time":1761210670607}],"idpAccounts":[{"provider":"userpod.idp.m2m","identity":"dmdp-service-study-admin","idpSubject":"dmdp-service-study-admin","flowType":"USER_REGISTRATION","idpStatus":{"status":"REGISTERED","lastModified":1761210670606},"verified":true}],"audit":{"createdAt":"2025-10-23T09:11:10.606Z[UTC]","createdBy":"68f9f12d3e9532731edf72d9","lastModified":"2025-10-23T09:11:10.606Z[UTC]","modifiedBy":"68f9f12d3e9532731edf72d9"},"localization":{"countryCode":"zz","langCode":"en"},"roleAccessRefs":[{"accessRefs":[],"role":"SERVICE_STUDY_ADMIN"}],"projects":[],"metas":[],"tags":[],"occasions":[],"customStatuses":[],"contactPoints":[],"humanName":{"given":"dmdp-service-study-admin"},"externalIds":[],"personal":{"gender":"UNKNOWN","createdAt":"2025-10-23T09:11:10.606Z","createdBy":"68f9f12d3e9532731edf72d9","previousPersonals":[]},"preferences":{},"metrics":{"previousMetrics":[]},"provisionedDevices":[]}
----------------------------------------
METHOD: POST
REQUEST URL: https://boost.uts-dev01.tenant1.dev.evinova.com/userpod/jwt/v1
REQUEST BODY: {"tenantId":"dmdp_cu_EDC_TENANT_CONFIG_IyTBDTiMvl","zoneId":"Europe/Stockholm","expireTimeSecs":3600,"version":"v1"}
RESPONSE METHOD: POST
RESPONSE URL: https://boost.uts-dev01.tenant1.dev.evinova.com/userpod/jwt/v1
STATUS CODE: 200
----------------------------------------
METHOD: PUT
REQUEST URL: https://boost.uts-dev01.tenant1.dev.evinova.com/userpod/user/activate/v1
RESPONSE METHOD: PUT
RESPONSE URL: https://boost.uts-dev01.tenant1.dev.evinova.com/userpod/user/activate/v1
STATUS CODE: 200
----------------------------------------
METHOD: POST
REQUEST URL: https://boost.uts-dev01.tenant1.dev.evinova.com/userpod/jwt/v1
REQUEST BODY: {"tenantId":"dmdp_cu_EDC_TENANT_CONFIG_IyTBDTiMvl","zoneId":"Europe/Stockholm","expireTimeSecs":3600,"version":"v1"}
RESPONSE METHOD: POST
RESPONSE URL: https://boost.uts-dev01.tenant1.dev.evinova.com/userpod/jwt/v1
STATUS CODE: 200
----------------------------------------
METHOD: POST
REQUEST URL: https://boost.uts-dev01.tenant1.dev.evinova.com/mongodb-test-proxy/mongodb-test/v1/databases/studypod/collections/user:find-document
REQUEST BODY: {"queryOperationList": [{"key": "userId", "values": [{"$oid": "68f9f12ed991e57e150c36fb"}, {"$oid": "68f9f12d3e9532731edf72d9"}], "operation": "IN"}], "limit": null, "include": ["userId", "eventId"]}
RESPONSE METHOD: POST
RESPONSE URL: https://boost.uts-dev01.tenant1.dev.evinova.com/mongodb-test-proxy/mongodb-test/v1/databases/studypod/collections/user:find-document
STATUS CODE: 200
RESPONSE BODY: {"items": [{"_id": {"$oid": "68f9f12ed991e57e150c36fc"}, "eventId": {"$timestamp": {"t": 1761210670, "i": 1186}}, "userId": {"$oid": "68f9f12ed991e57e150c36fb"}}, {"_id": {"$oid": "68f9f12d3e9532731edf72da"}, "eventId": {"$timestamp": {"t": 1761210670, "i": 283}}, "userId": {"$oid": "68f9f12d3e9532731edf72d9"}}]}
----------------------------------------
METHOD: PUT
REQUEST URL: https://boost.uts-dev01.tenant1.dev.evinova.com/studypod/config/tenant/v1/studypod-tenant-config
REQUEST BODY: {"version":1,"data":{"ctms":{"enableAutomaticSync":"FALSE","enableMetricsSync":"FALSE","testConfig":{"enabled":"FALSE"}},"dCode":"D111222","rtsm":{"enableSync":"FALSE","enableSupplySync":"FALSE","enableSupplyPushMessages":"FALSE","rtsmTestConfig":{"enabled":"FALSE"}},"edc":{"enableSync":"unknown_enum_value"}}}
RESPONSE METHOD: PUT
RESPONSE URL: https://boost.uts-dev01.tenant1.dev.evinova.com/studypod/config/tenant/v1/studypod-tenant-config
STATUS CODE: 400
RESPONSE BODY: {"errorId":"aIOCUEgu","errorCode":"DMDP_BAD_ARGUMENT","message":"Invalid tenant configuration"}
----------------------------------------
METHOD: PUT
REQUEST URL: https://boost.uts-dev01.tenant1.dev.evinova.com/studypod/config/tenant/v1/studypod-tenant-config
REQUEST BODY: {"version":1,"data":{"ctms":{"enableAutomaticSync":"FALSE","enableMetricsSync":"FALSE","testConfig":{"enabled":"FALSE"}},"dCode":"D111222","rtsm":{"enableSync":"FALSE","enableSupplySync":"FALSE","enableSupplyPushMessages":"FALSE","rtsmTestConfig":{"enabled":"FALSE"}},"edc":{"enableSync":""}}}
RESPONSE METHOD: PUT
RESPONSE URL: https://boost.uts-dev01.tenant1.dev.evinova.com/studypod/config/tenant/v1/studypod-tenant-config
STATUS CODE: 400
RESPONSE BODY: {"errorId":"bA49i5I1","errorCode":"DMDP_BAD_ARGUMENT","message":"Invalid tenant configuration"}
----------------------------------------
METHOD: PUT
REQUEST URL: https://boost.uts-dev01.tenant1.dev.evinova.com/studypod/config/tenant/v1/studypod-tenant-config
REQUEST BODY: {"version":1,"data":{"ctms":{"enableAutomaticSync":"FALSE","enableMetricsSync":"FALSE","testConfig":{"enabled":"FALSE"}},"dCode":"D111222","rtsm":{"enableSync":"FALSE","enableSupplySync":"FALSE","enableSupplyPushMessages":"FALSE","rtsmTestConfig":{"enabled":"FALSE"}},"edc":{"enableSync":"   "}}}
RESPONSE METHOD: PUT
RESPONSE URL: https://boost.uts-dev01.tenant1.dev.evinova.com/studypod/config/tenant/v1/studypod-tenant-config
STATUS CODE: 400
RESPONSE BODY: {"errorId":"OVFRE039","errorCode":"DMDP_BAD_ARGUMENT","message":"Invalid tenant configuration"}
----------------------------------------
