METHOD: POST
REQUEST URL: https://boost.uts-dev01.tenant1.dev.evinova.com/userpod/jwt/v7 (line: 1)
REQUEST BODY: {"tenantId":"dmdp-tenant","zoneId":"Europe/Stockholm","expireTimeSecs":3600} (line: 3)
RESPONSE METHOD: POST
RESPONSE URL: https://boost.uts-dev01.tenant1.dev.evinova.com/userpod/jwt/v1 (line: 4)
STATUS CODE: 200
----------------------------------------
METHOD: GET
REQUEST URL: https://boost.uts-dev01.tenant1.dev.evinova.com/userpod/idp/light/v1/register?email=tenant_admin_ptjlaibqhz@s3testmail.dmdp2.aws.intelpharma.net (line: 6)
RESPONSE METHOD: GET
RESPONSE URL: https://boost.uts-dev01.tenant1.dev.evinova.com/userpod/idp/light/v1/register?email=tenant_admin_ptjlaibqhz@s3testmail.dmdp2.aws.intelpharma.net (line: 8)
STATUS CODE: 200
----------------------------------------
METHOD: GET
REQUEST URL: https://boost.uts-dev01.tenant1.dev.evinova.com/userpod/idp/light/v1?email=tenant_admin_ptjlaibqhz@s3testmail.dmdp2.aws.intelpharma.net&pwd=qwerty (line: 10)
RESPONSE METHOD: GET
RESPONSE URL: https://boost.uts-dev01.tenant1.dev.evinova.com/userpod/idp/light/v1?email=tenant_admin_ptjlaibqhz@s3testmail.dmdp2.aws.intelpharma.net&pwd=blahblah (line: 12)
STATUS CODE: 200
----------------------------------------
METHOD: GET
REQUEST URL: https://boost.uts-dev01.tenant1.dev.evinova.com/userpod/user/info/v1/mine?limit=500 (line: 14)
RESPONSE METHOD: GET
RESPONSE URL: https://boost.uts-dev01.tenant1.dev.evinova.com/userpod/user/info/v1/mine?limit=500 (line: 16)
STATUS CODE: 200
RESPONSE BODY: {"users":[]} (line: 18)
----------------------------------------
METHOD: POST
REQUEST URL: https://boost.uts-dev01.tenant1.dev.evinova.com/userpod/user/register/v1/tenant/dmdp_cu_STUDY_PTJLaiBQhZ (line: 19)
----------------------------------------
