API INVOCATION LINE: 1
METHOD: POST
REQUEST URL: https://boost.uts-dev01.tenant1.dev.evinova.com/userpod/jwt/v1
REQUEST BODY: {"tenantId":"dmdp-tenant","zoneId":"Europe/Stockholm","expireTimeSecs":3600}
RESPONSE METHOD: POST
RESPONSE URL: https://boost.uts-dev01.tenant1.dev.evinova.com/userpod/jwt/v1
STATUS CODE: 200
RESPONSE BODY: No Body
----------------------------------------
API INVOCATION LINE: 6
METHOD: GET
REQUEST URL: https://boost.uts-dev01.tenant1.dev.evinova.com/userpod/idp/light/v1/register?email=tenant_admin_demoszzyxo@s3testmail.dmdp2.aws.intelpharma.net
RESPONSE METHOD: GET
RESPONSE URL: https://boost.uts-dev01.tenant1.dev.evinova.com/userpod/idp/light/v1/register?email=tenant_admin_demoszzyxo@s3testmail.dmdp2.aws.intelpharma.net
STATUS CODE: 200
RESPONSE BODY: No Body
----------------------------------------
API INVOCATION LINE: 10
METHOD: GET
REQUEST URL: https://boost.uts-dev01.tenant1.dev.evinova.com/userpod/idp/light/v1?email=tenant_admin_demoszzyxo@s3testmail.dmdp2.aws.intelpharma.net&pwd=qwerty
RESPONSE METHOD: GET
RESPONSE URL: https://boost.uts-dev01.tenant1.dev.evinova.com/userpod/idp/light/v1?email=tenant_admin_demoszzyxo@s3testmail.dmdp2.aws.intelpharma.net&pwd=qwerty
STATUS CODE: 200
RESPONSE BODY: No Body
----------------------------------------
API INVOCATION LINE: 14
METHOD: GET
REQUEST URL: https://boost.uts-dev01.tenant1.dev.evinova.com/userpod/user/info/v1/mine?limit=500
RESPONSE METHOD: GET
RESPONSE URL: https://boost.uts-dev01.tenant1.dev.evinova.com/userpod/user/info/v1/mine?limit=500
STATUS CODE: 200
RESPONSE BODY: {"users":[]}
----------------------------------------
API INVOCATION LINE: 19
METHOD: POST
REQUEST URL: https://boost.uts-dev01.tenant1.dev.evinova.com/userpod/user/register/v1/tenant/dmdp_cu_STUDY_demoSZZyxO
REQUEST BODY: {"idpAccounts":[{"provider":"userpod.idp.light","email":"tenant_admin_demoszzyxo@s3testmail.dmdp2.aws.intelpharma.net"}],"localization":{"countryCode":"se","langCode":"sv"},"contactPoints":[{"system":"EMAIL","value":"tenant_admin_demoszzyxo@s3testmail.dmdp2.aws.intelpharma.net","primary":true}],"humanName":{"given":"TENANT_ADMIN","family":"tenant_admin_demoszzyxo@s3testmail.dmdp2.aws.intelpharma.net"},"externalIds":[{"key":"TEST_REFERENCE","value":"TENANT_ADMIN"}],"roleAccessRefs":[{"accessRefs":[],"role":"TENANT_ADMIN"}]}
RESPONSE METHOD: POST
RESPONSE URL: https://boost.uts-dev01.tenant1.dev.evinova.com/userpod/user/register/v1/tenant/dmdp_cu_STUDY_demoSZZyxO
STATUS CODE: 200
RESPONSE BODY: {"userId":"68ecf35c9c237be5370a80dd","eventId":7560685450910762256,"status":"REGISTERED","statusTimestamp":1760359260646,"previousStatuses":[],"idpAccounts":[{"provider":"userpod.idp.light","identity":"tenant_admin_demoszzyxo@s3testmail.dmdp2.aws.intelpharma.net","idpSubject":"tenant_admin_demoszzyxo@s3testmail.dmdp2.aws.intelpharma.net","flowType":"USER_REGISTRATION","idpStatus":{"status":"EXISTING","lastModified":1760359260646},"verified":false}],"audit":{"createdAt":"2025-10-13T12:41:00.646Z[UTC]","createdBy":"66c3a29b7319e64a92ce5da5","lastModified":"2025-10-13T12:41:00.646Z[UTC]","modifiedBy":"66c3a29b7319e64a92ce5da5"},"localization":{"countryCode":"se","langCode":"sv"},"roleAccessRefs":[{"accessRefs":[],"role":"TENANT_ADMIN"}],"projects":[],"metas":[],"tags":[],"occasions":[],"customStatuses":[],"contactPoints":[{"contactPointId":"68ecf35c9c237be5370a80dc","system":"EMAIL","value":"tenant_admin_demoszzyxo@s3testmail.dmdp2.aws.intelpharma.net","primary":true}],"humanName":{"given":"TENANT_ADMIN","family":"tenant_admin_demoszzyxo@s3testmail.dmdp2.aws.intelpharma.net"},"externalIds":[{"key":"TEST_REFERENCE","value":"TENANT_ADMIN"}],"personal":{"gender":"UNKNOWN","createdAt":"2025-10-13T12:41:00.646Z","createdBy":"66c3a29b7319e64a92ce5da5"},"preferences":{},"metrics":{},"provisionedDevices":[]}
----------------------------------------
API INVOCATION LINE: 25
METHOD: POST
REQUEST URL: https://boost.uts-dev01.tenant1.dev.evinova.com/userpod/jwt/v1
REQUEST BODY: {"tenantId":"dmdp_cu_STUDY_demoSZZyxO","zoneId":"Europe/Stockholm","expireTimeSecs":3600,"version":"v1"}
RESPONSE METHOD: POST
RESPONSE URL: https://boost.uts-dev01.tenant1.dev.evinova.com/userpod/jwt/v1
STATUS CODE: 200
RESPONSE BODY: No Body
----------------------------------------
API INVOCATION LINE: 30
METHOD: PUT
REQUEST URL: https://boost.uts-dev01.tenant1.dev.evinova.com/userpod/user/activate/v1
RESPONSE METHOD: PUT
RESPONSE URL: https://boost.uts-dev01.tenant1.dev.evinova.com/userpod/user/activate/v1
STATUS CODE: 200
RESPONSE BODY: No Body
----------------------------------------
API INVOCATION LINE: 34
METHOD: POST
REQUEST URL: https://boost.uts-dev01.tenant1.dev.evinova.com/userpod/jwt/v1
REQUEST BODY: {"tenantId":"dmdp_cu_STUDY_demoSZZyxO","zoneId":"Europe/Stockholm","expireTimeSecs":3600,"version":"v1"}
RESPONSE METHOD: POST
RESPONSE URL: https://boost.uts-dev01.tenant1.dev.evinova.com/userpod/jwt/v1
STATUS CODE: 200
RESPONSE BODY: No Body
----------------------------------------
API INVOCATION LINE: 39
METHOD: GET
REQUEST URL: https://boost.uts-dev01.tenant1.dev.evinova.com/userpod/user/v1/mine
RESPONSE METHOD: GET
RESPONSE URL: https://boost.uts-dev01.tenant1.dev.evinova.com/userpod/user/v1/mine
STATUS CODE: 200
RESPONSE BODY: {"userId":"68ecf35c9c237be5370a80dd","eventId":7560685455205728275,"status":"ACTIVE","statusTimestamp":1760359261035,"previousStatuses":[{"status":"REGISTERED","time":1760359260646},{"status":"VERIFIED","time":1760359260764}],"idpAccounts":[{"provider":"userpod.idp.light","identity":"tenant_admin_demoszzyxo@s3testmail.dmdp2.aws.intelpharma.net","idpSubject":"tenant_admin_demoszzyxo@s3testmail.dmdp2.aws.intelpharma.net","flowType":"USER_REGISTRATION","idpStatus":{"status":"EXISTING","lastModified":1760359260646},"verified":true}],"audit":{"createdAt":"2025-10-13T12:41:00.646Z[UTC]","createdBy":"66c3a29b7319e64a92ce5da5","lastModified":"2025-10-13T12:41:01.035Z[UTC]","modifiedBy":"68ecf35c9c237be5370a80dd"},"localization":{"countryCode":"se","langCode":"sv"},"roleAccessRefs":[{"accessRefs":[],"role":"TENANT_ADMIN"}],"projects":[],"metas":[],"tags":[],"occasions":[],"customStatuses":[],"contactPoints":[{"contactPointId":"68ecf35c9c237be5370a80dc","system":"EMAIL","value":"tenant_admin_demoszzyxo@s3testmail.dmdp2.aws.intelpharma.net","primary":true}],"humanName":{"given":"TENANT_ADMIN","family":"tenant_admin_demoszzyxo@s3testmail.dmdp2.aws.intelpharma.net"},"externalIds":[{"key":"TEST_REFERENCE","value":"TENANT_ADMIN"}],"personal":{"gender":"UNKNOWN","createdAt":"2025-10-13T12:41:00.646Z","createdBy":"66c3a29b7319e64a92ce5da5","previousPersonals":[]},"preferences":{},"metrics":{"previousMetrics":[]},"provisionedDevices":[]}
----------------------------------------
API INVOCATION LINE: 44
METHOD: PUT
REQUEST URL: https://boost.uts-dev01.tenant1.dev.evinova.com/userpod/config/tenant/v1/userpod-user-mgmt-config/
REQUEST BODY: {"version":1,"data":{"sendInvitationEmailEnabled":false,"sendWithdrawEmailEnabled":false,"sendRegistrationEmailEnabled":false}}
RESPONSE METHOD: PUT
RESPONSE URL: https://boost.uts-dev01.tenant1.dev.evinova.com/userpod/config/tenant/v1/userpod-user-mgmt-config/
STATUS CODE: 200
RESPONSE BODY: No Body
----------------------------------------
API INVOCATION LINE: 49
METHOD: GET
REQUEST URL: https://boost.uts-dev01.tenant1.dev.evinova.com/userpod/idp/light/v1/register?email=product_admin@s3testmail.dmdp2.aws.intelpharma.net
RESPONSE METHOD: GET
RESPONSE URL: https://boost.uts-dev01.tenant1.dev.evinova.com/userpod/idp/light/v1/register?email=product_admin@s3testmail.dmdp2.aws.intelpharma.net
STATUS CODE: 200
RESPONSE BODY: No Body
----------------------------------------
API INVOCATION LINE: 53
METHOD: GET
REQUEST URL: https://boost.uts-dev01.tenant1.dev.evinova.com/userpod/idp/light/v1?email=product_admin@s3testmail.dmdp2.aws.intelpharma.net&pwd=qwerty
RESPONSE METHOD: GET
RESPONSE URL: https://boost.uts-dev01.tenant1.dev.evinova.com/userpod/idp/light/v1?email=product_admin@s3testmail.dmdp2.aws.intelpharma.net&pwd=qwerty
STATUS CODE: 200
RESPONSE BODY: No Body
----------------------------------------
API INVOCATION LINE: 57
METHOD: GET
REQUEST URL: https://boost.uts-dev01.tenant1.dev.evinova.com/userpod/user/info/v1/mine?limit=500
RESPONSE METHOD: GET
RESPONSE URL: https://boost.uts-dev01.tenant1.dev.evinova.com/userpod/user/info/v1/mine?limit=500
STATUS CODE: 200
RESPONSE BODY: {"paging":{"prev":"66fd17f6d3bc0c705805065b","next":"66fd17f6d3bc0c705805065b","limit":500,"count":0},"users":[{"userId":"66fd17f6d3bc0c705805065a","tenantId":"dmdp-tenant","status":"ACTIVE","roleAccessRefs":[{"accessRefs":[],"role":"PRODUCT_ADMIN"}],"localization":{"countryCode":"se","langCode":"sv"}}]}
----------------------------------------
API INVOCATION LINE: 62
METHOD: POST
REQUEST URL: https://boost.uts-dev01.tenant1.dev.evinova.com/userpod/jwt/v1
REQUEST BODY: {"tenantId":"dmdp-tenant","zoneId":"Europe/Stockholm","expireTimeSecs":3600,"version":"v1"}
RESPONSE METHOD: POST
RESPONSE URL: https://boost.uts-dev01.tenant1.dev.evinova.com/userpod/jwt/v1
STATUS CODE: 200
RESPONSE BODY: No Body
----------------------------------------
API INVOCATION LINE: 67
METHOD: PUT
REQUEST URL: https://boost.uts-dev01.tenant1.dev.evinova.com/userpod/user/activate/v1
RESPONSE METHOD: PUT
RESPONSE URL: https://boost.uts-dev01.tenant1.dev.evinova.com/userpod/user/activate/v1
STATUS CODE: 200
RESPONSE BODY: No Body
----------------------------------------
API INVOCATION LINE: 71
METHOD: POST
REQUEST URL: https://boost.uts-dev01.tenant1.dev.evinova.com/userpod/jwt/v1
REQUEST BODY: {"tenantId":"dmdp-tenant","zoneId":"Europe/Stockholm","expireTimeSecs":3600,"version":"v1"}
RESPONSE METHOD: POST
RESPONSE URL: https://boost.uts-dev01.tenant1.dev.evinova.com/userpod/jwt/v1
STATUS CODE: 200
RESPONSE BODY: No Body
----------------------------------------
API INVOCATION LINE: 76
METHOD: GET
REQUEST URL: https://boost.uts-dev01.tenant1.dev.evinova.com/userpod/user/v1/mine
RESPONSE METHOD: GET
RESPONSE URL: https://boost.uts-dev01.tenant1.dev.evinova.com/userpod/user/v1/mine
STATUS CODE: 200
RESPONSE BODY: {"userId":"66fd17f6d3bc0c705805065a","eventId":7421114114895773710,"status":"ACTIVE","statusTimestamp":1727862776587,"previousStatuses":[{"status":"REGISTERED","time":1727862774045},{"status":"VERIFIED","time":1727862776261}],"idpAccounts":[{"provider":"userpod.idp.light","identity":"product_admin@s3testmail.dmdp2.aws.intelpharma.net","idpSubject":"product_admin@s3testmail.dmdp2.aws.intelpharma.net","flowType":"USER_REGISTRATION","idpStatus":{"status":"EXISTING","lastModified":1727862774040},"verified":true}],"audit":{"createdAt":"2024-10-02T09:52:54.04Z[UTC]","createdBy":"66c3a29b7319e64a92ce5da5","lastModified":"2024-10-02T09:52:56.588Z[UTC]","modifiedBy":"66fd17f6d3bc0c705805065a"},"localization":{"countryCode":"se","langCode":"sv"},"roleAccessRefs":[{"accessRefs":[],"role":"PRODUCT_ADMIN"}],"projects":[],"metas":[],"tags":[],"occasions":[],"customStatuses":[],"contactPoints":[{"contactPointId":"66fd17f6d3bc0c7058050659","system":"EMAIL","value":"product_admin@s3testmail.dmdp2.aws.intelpharma.net","primary":true}],"humanName":{"given":"PRODUCT_ADMIN","family":"product_admin@s3testmail.dmdp2.aws.intelpharma.net"},"externalIds":[{"key":"TEST_REFERENCE","value":"PRODUCT_ADMIN"}],"personal":{"gender":"THIRD","previousPersonals":[]},"preferences":{},"metrics":{"previousMetrics":[]},"provisionedDevices":[]}
----------------------------------------
API INVOCATION LINE: 81
METHOD: POST
REQUEST URL: https://boost.uts-dev01.tenant1.dev.evinova.com/userpod/organization/v1/query
REQUEST BODY: {"criterion":{"operator":"AND","criteria":[{"fieldCriterion":{"field":"EXTERNAL_ID_KEY","type":"EQ","values":["TEST_REFERENCE"]}},{"fieldCriterion":{"field":"EXTERNAL_ID_VALUE","type":"EQ","values":["TREE"]}}]}}
RESPONSE METHOD: POST
RESPONSE URL: https://boost.uts-dev01.tenant1.dev.evinova.com/userpod/organization/v1/query
STATUS CODE: 200
RESPONSE BODY: {"paging":{"prev":"00000000f960456b1e464cfd","next":"00000000f960456b1e464cfd","limit":5000},"orgs":[]}
----------------------------------------
API INVOCATION LINE: 87
METHOD: POST
REQUEST URL: https://boost.uts-dev01.tenant1.dev.evinova.com/userpod/organization/v1/tree
REQUEST BODY: {"name":"BaseTree","status":"ACTIVE","test":false}
RESPONSE METHOD: POST
RESPONSE URL: https://boost.uts-dev01.tenant1.dev.evinova.com/userpod/organization/v1/tree
STATUS CODE: 200
RESPONSE BODY: {"orgId":"68ecf35e585e5814b04e272f","eventId":7560685459500695647,"type":"TREE","name":"BaseTree","status":"ACTIVE","parentId":"68ecf35e585e5814b04e272f","branchParentIds":[],"metas":[],"test":false,"externalIds":[],"customStatuses":[]}
----------------------------------------
API INVOCATION LINE: 93
METHOD: POST
REQUEST URL: https://boost.uts-dev01.tenant1.dev.evinova.com/userpod/organization/v1/query
REQUEST BODY: {"criterion":{"operator":"AND","criteria":[{"fieldCriterion":{"field":"EXTERNAL_ID_KEY","type":"EQ","values":["TEST_REFERENCE"]}},{"fieldCriterion":{"field":"EXTERNAL_ID_VALUE","type":"EQ","values":["SWEDEN"]}}]}}
RESPONSE METHOD: POST
RESPONSE URL: https://boost.uts-dev01.tenant1.dev.evinova.com/userpod/organization/v1/query
STATUS CODE: 200
RESPONSE BODY: {"paging":{"prev":"000000009c237be537dd75a8","next":"000000009c237be537dd75a8","limit":5000},"orgs":[]}
----------------------------------------
API INVOCATION LINE: 99
METHOD: POST
REQUEST URL: https://boost.uts-dev01.tenant1.dev.evinova.com/userpod/organization/v1/country
REQUEST BODY: {"countryCode":"se","langCodes":["sv"],"name":"Sweden","status":"ACTIVE","parentId":"68ecf35e585e5814b04e272f","test":false,"details":{}}
RESPONSE METHOD: POST
RESPONSE URL: https://boost.uts-dev01.tenant1.dev.evinova.com/userpod/organization/v1/country
STATUS CODE: 200
RESPONSE BODY: {"orgId":"68ecf35e585e5814b04e273d","eventId":7560685459500695810,"type":"COUNTRY","name":"Sweden","status":"ACTIVE","parentId":"68ecf35e585e5814b04e272f","branchParentIds":["68ecf35e585e5814b04e272f"],"metas":[],"test":false,"details":{"contacts":[],"contactPoints":[]},"country":{"countryCode":"se","langCodes":["sv"]},"externalIds":[],"customStatuses":[]}
----------------------------------------
API INVOCATION LINE: 105
METHOD: POST
REQUEST URL: https://boost.uts-dev01.tenant1.dev.evinova.com/userpod/organization/v1/query
REQUEST BODY: {"criterion":{"operator":"AND","criteria":[{"fieldCriterion":{"field":"EXTERNAL_ID_KEY","type":"EQ","values":["TEST_REFERENCE"]}},{"fieldCriterion":{"field":"EXTERNAL_ID_VALUE","type":"EQ","values":["REGION"]}}]}}
RESPONSE METHOD: POST
RESPONSE URL: https://boost.uts-dev01.tenant1.dev.evinova.com/userpod/organization/v1/query
STATUS CODE: 200
RESPONSE BODY: {"paging":{"prev":"0000000064bffb609906d935","next":"0000000064bffb609906d935","limit":5000},"orgs":[]}
----------------------------------------
API INVOCATION LINE: 111
METHOD: POST
REQUEST URL: https://boost.uts-dev01.tenant1.dev.evinova.com/userpod/organization/v1/region
REQUEST BODY: {"name":"Västra Götaland","status":"ACTIVE","parentId":"68ecf35e585e5814b04e273d","test":false,"details":{}}
RESPONSE METHOD: POST
RESPONSE URL: https://boost.uts-dev01.tenant1.dev.evinova.com/userpod/organization/v1/region
STATUS CODE: 200
RESPONSE BODY: {"orgId":"68ecf35e64bffb609933ab9b","eventId":7560685459500696037,"type":"REGION","name":"Västra Götaland","status":"ACTIVE","parentId":"68ecf35e585e5814b04e273d","branchParentIds":["68ecf35e585e5814b04e273d","68ecf35e585e5814b04e272f"],"metas":[],"test":false,"details":{"contacts":[],"contactPoints":[]},"region":{},"externalIds":[],"customStatuses":[]}
----------------------------------------
API INVOCATION LINE: 117
METHOD: POST
REQUEST URL: https://boost.uts-dev01.tenant1.dev.evinova.com/userpod/organization/v1/query
REQUEST BODY: {"criterion":{"operator":"AND","criteria":[{"fieldCriterion":{"field":"EXTERNAL_ID_KEY","type":"EQ","values":["TEST_REFERENCE"]}},{"fieldCriterion":{"field":"EXTERNAL_ID_VALUE","type":"EQ","values":["SAHLGRENSKA"]}}]}}
RESPONSE METHOD: POST
RESPONSE URL: https://boost.uts-dev01.tenant1.dev.evinova.com/userpod/organization/v1/query
STATUS CODE: 200
RESPONSE BODY: {"paging":{"prev":"00000000f960456b1e464cfd","next":"00000000f960456b1e464cfd","limit":5000},"orgs":[]}
----------------------------------------
API INVOCATION LINE: 123
METHOD: POST
REQUEST URL: https://boost.uts-dev01.tenant1.dev.evinova.com/userpod/organization/v1/practice
REQUEST BODY: {"practiceType":"REGULAR","name":"Sahlgrenska","status":"ACTIVE","parentId":"68ecf35e64bffb609933ab9b","test":false,"details":{}}
RESPONSE METHOD: POST
RESPONSE URL: https://boost.uts-dev01.tenant1.dev.evinova.com/userpod/organization/v1/practice
STATUS CODE: 200
RESPONSE BODY: {"orgId":"68ecf35e9c237be5370a8165","eventId":7560685459500696312,"type":"PRACTICE","name":"Sahlgrenska","status":"ACTIVE","parentId":"68ecf35e64bffb609933ab9b","branchParentIds":["68ecf35e64bffb609933ab9b","68ecf35e585e5814b04e273d","68ecf35e585e5814b04e272f"],"metas":[],"test":false,"details":{"contacts":[],"contactPoints":[]},"practice":{"practiceType":"REGULAR","addresses":[],"locations":[]},"externalIds":[],"customStatuses":[]}
----------------------------------------
API INVOCATION LINE: 129
METHOD: POST
REQUEST URL: https://boost.uts-dev01.tenant1.dev.evinova.com/userpod/user/v1/query
REQUEST BODY: {"criterion":{"operator":"AND","criteria":[{"fieldCriterion":{"field":"EXTERNAL_ID_KEY","type":"EQ","values":["TEST_REFERENCE"]}},{"fieldCriterion":{"field":"EXTERNAL_ID_VALUE","type":"EQ","values":["SAHLGRENSKA_PI"]}}]}}
RESPONSE METHOD: POST
RESPONSE URL: https://boost.uts-dev01.tenant1.dev.evinova.com/userpod/user/v1/query
STATUS CODE: 200
RESPONSE BODY: {"paging":{"prev":"00000000bce9af95f0cfa034","next":"00000000bce9af95f0cfa034","limit":5000},"users":[]}
----------------------------------------
API INVOCATION LINE: 135
METHOD: POST
REQUEST URL: https://boost.uts-dev01.tenant1.dev.evinova.com/userpod/user/register/v1
REQUEST BODY: {"idpAccounts":[{"provider":"userpod.idp.light","email":"sahlgrenska_pi_demoszzyxo@s3testmail.dmdp2.aws.intelpharma.net"}],"localization":{"countryCode":"se","langCode":"sv"},"contactPoints":[{"system":"EMAIL","value":"sahlgrenska_pi_demoszzyxo@s3testmail.dmdp2.aws.intelpharma.net","primary":true}],"humanName":{"given":"SAHLGRENSKA_PI","family":"sahlgrenska_pi_demoszzyxo@s3testmail.dmdp2.aws.intelpharma.net"},"externalIds":[{"key":"TEST_REFERENCE","value":"SAHLGRENSKA_PI"}],"roleAccessRefs":[{"accessRefs":[{"type":"ORG","ref":"68ecf35e9c237be5370a8165"}],"role":"PI"}]}
RESPONSE METHOD: POST
RESPONSE URL: https://boost.uts-dev01.tenant1.dev.evinova.com/userpod/user/register/v1
STATUS CODE: 200
RESPONSE BODY: {"userId":"68ecf35ef960456b1e736845","eventId":7560685459500696703,"status":"REGISTERED","statusTimestamp":1760359262749,"previousStatuses":[],"idpAccounts":[{"provider":"userpod.idp.light","identity":"sahlgrenska_pi_demoszzyxo@s3testmail.dmdp2.aws.intelpharma.net","idpSubject":"sahlgrenska_pi_demoszzyxo@s3testmail.dmdp2.aws.intelpharma.net","flowType":"USER_REGISTRATION","idpStatus":{"status":"REGISTERED","lastModified":1760359262749},"verified":false}],"audit":{"createdAt":"2025-10-13T12:41:02.749Z[UTC]","createdBy":"68ecf35c9c237be5370a80dd","lastModified":"2025-10-13T12:41:02.749Z[UTC]","modifiedBy":"68ecf35c9c237be5370a80dd"},"localization":{"countryCode":"se","langCode":"sv"},"roleAccessRefs":[{"accessRefs":[{"accessRefId":"68ecf35ef960456b1e73683d","partOf":["68ecf35e64bffb609933ab9b","68ecf35e585e5814b04e273d","68ecf35e585e5814b04e272f"],"type":"ORG","ref":"68ecf35e9c237be5370a8165","fromUtc":1760359262749}],"role":"PI"}],"projects":[],"metas":[],"tags":[],"occasions":[],"customStatuses":[],"contactPoints":[{"contactPointId":"68ecf35ef960456b1e736844","system":"EMAIL","value":"sahlgrenska_pi_demoszzyxo@s3testmail.dmdp2.aws.intelpharma.net","primary":true}],"humanName":{"given":"SAHLGRENSKA_PI","family":"sahlgrenska_pi_demoszzyxo@s3testmail.dmdp2.aws.intelpharma.net"},"externalIds":[{"key":"TEST_REFERENCE","value":"SAHLGRENSKA_PI"}],"personal":{"gender":"UNKNOWN","createdAt":"2025-10-13T12:41:02.749Z","createdBy":"68ecf35c9c237be5370a80dd"},"preferences":{},"metrics":{},"provisionedDevices":[]}
----------------------------------------
API INVOCATION LINE: 141
METHOD: POST
REQUEST URL: https://boost.uts-dev01.tenant1.dev.evinova.com/userpod/user/v1/query
REQUEST BODY: {"criterion":{"operator":"AND","criteria":[{"fieldCriterion":{"field":"EXTERNAL_ID_KEY","type":"EQ","values":["TEST_REFERENCE"]}},{"fieldCriterion":{"field":"EXTERNAL_ID_VALUE","type":"EQ","values":["SAHLGRENSKA_PATIENT_1"]}}]}}
RESPONSE METHOD: POST
RESPONSE URL: https://boost.uts-dev01.tenant1.dev.evinova.com/userpod/user/v1/query
STATUS CODE: 200
RESPONSE BODY: {"paging":{"prev":"000000008c0c06af4a7fb143","next":"000000008c0c06af4a7fb143","limit":5000},"users":[]}
----------------------------------------
API INVOCATION LINE: 147
METHOD: GET
REQUEST URL: https://boost.uts-dev01.tenant1.dev.evinova.com/userpod/idp/light/v1/register?email=sahlgrenska_pi_demoszzyxo@s3testmail.dmdp2.aws.intelpharma.net
RESPONSE METHOD: GET
RESPONSE URL: https://boost.uts-dev01.tenant1.dev.evinova.com/userpod/idp/light/v1/register?email=sahlgrenska_pi_demoszzyxo@s3testmail.dmdp2.aws.intelpharma.net
STATUS CODE: 200
RESPONSE BODY: No Body
----------------------------------------
API INVOCATION LINE: 151
METHOD: GET
REQUEST URL: https://boost.uts-dev01.tenant1.dev.evinova.com/userpod/idp/light/v1?email=sahlgrenska_pi_demoszzyxo@s3testmail.dmdp2.aws.intelpharma.net&pwd=qwerty
RESPONSE METHOD: GET
RESPONSE URL: https://boost.uts-dev01.tenant1.dev.evinova.com/userpod/idp/light/v1?email=sahlgrenska_pi_demoszzyxo@s3testmail.dmdp2.aws.intelpharma.net&pwd=qwerty
STATUS CODE: 200
RESPONSE BODY: No Body
----------------------------------------
API INVOCATION LINE: 155
METHOD: POST
REQUEST URL: https://boost.uts-dev01.tenant1.dev.evinova.com/userpod/jwt/v1
REQUEST BODY: {"tenantId":"dmdp_cu_STUDY_demoSZZyxO","zoneId":"Europe/Stockholm","expireTimeSecs":3600,"version":"v1c"}
RESPONSE METHOD: POST
RESPONSE URL: https://boost.uts-dev01.tenant1.dev.evinova.com/userpod/jwt/v1
STATUS CODE: 200
RESPONSE BODY: No Body
----------------------------------------
API INVOCATION LINE: 160
METHOD: PUT
REQUEST URL: https://boost.uts-dev01.tenant1.dev.evinova.com/userpod/user/activate/v1
RESPONSE METHOD: PUT
RESPONSE URL: https://boost.uts-dev01.tenant1.dev.evinova.com/userpod/user/activate/v1
STATUS CODE: 200
RESPONSE BODY: No Body
----------------------------------------
API INVOCATION LINE: 164
METHOD: POST
REQUEST URL: https://boost.uts-dev01.tenant1.dev.evinova.com/userpod/jwt/v1
REQUEST BODY: {"tenantId":"dmdp_cu_STUDY_demoSZZyxO","zoneId":"Europe/Stockholm","expireTimeSecs":3600,"version":"v1c"}
RESPONSE METHOD: POST
RESPONSE URL: https://boost.uts-dev01.tenant1.dev.evinova.com/userpod/jwt/v1
STATUS CODE: 200
RESPONSE BODY: No Body
----------------------------------------
API INVOCATION LINE: 169
METHOD: POST
REQUEST URL: https://boost.uts-dev01.tenant1.dev.evinova.com/userpod/user/register/v1
REQUEST BODY: {"idpAccounts":[{"provider":"userpod.idp.light","email":"sahlgrenska_patient_1_demoszzyxo@s3testmail.dmdp2.aws.intelpharma.net"}],"localization":{"countryCode":"se","langCode":"sv"},"contactPoints":[{"system":"EMAIL","value":"sahlgrenska_patient_1_demoszzyxo@s3testmail.dmdp2.aws.intelpharma.net","primary":true}],"humanName":{"given":"SAHLGRENSKA_PATIENT_1","family":"sahlgrenska_patient_1_demoszzyxo@s3testmail.dmdp2.aws.intelpharma.net"},"externalIds":[{"key":"TEST_REFERENCE","value":"SAHLGRENSKA_PATIENT_1"}],"roleAccessRefs":[{"accessRefs":[{"type":"ORG","ref":"68ecf35e9c237be5370a8165"}],"role":"PATIENT"}]}
RESPONSE METHOD: POST
RESPONSE URL: https://boost.uts-dev01.tenant1.dev.evinova.com/userpod/user/register/v1
STATUS CODE: 200
RESPONSE BODY: {"userId":"68ecf35f8c0c06af4aacc048","eventId":7560685463795664044,"status":"REGISTERED","statusTimestamp":1760359263459,"previousStatuses":[],"idpAccounts":[{"provider":"userpod.idp.light","identity":"sahlgrenska_patient_1_demoszzyxo@s3testmail.dmdp2.aws.intelpharma.net","idpSubject":"sahlgrenska_patient_1_demoszzyxo@s3testmail.dmdp2.aws.intelpharma.net","flowType":"USER_REGISTRATION","idpStatus":{"status":"REGISTERED","lastModified":1760359263459},"verified":false}],"audit":{"createdAt":"2025-10-13T12:41:03.459Z[UTC]","createdBy":"68ecf35ef960456b1e736845","lastModified":"2025-10-13T12:41:03.459Z[UTC]","modifiedBy":"68ecf35ef960456b1e736845"},"localization":{"countryCode":"se","langCode":"sv"},"roleAccessRefs":[{"accessRefs":[{"accessRefId":"68ecf35f8c0c06af4aacc046","partOf":["68ecf35e64bffb609933ab9b","68ecf35e585e5814b04e273d","68ecf35e585e5814b04e272f"],"type":"ORG","ref":"68ecf35e9c237be5370a8165","fromUtc":1760359263459}],"role":"PATIENT"}],"projects":[],"metas":[],"tags":[],"occasions":[],"customStatuses":[],"contactPoints":[{"contactPointId":"68ecf35f8c0c06af4aacc047","system":"EMAIL","value":"sahlgrenska_patient_1_demoszzyxo@s3testmail.dmdp2.aws.intelpharma.net","primary":true}],"humanName":{"given":"SAHLGRENSKA_PATIENT_1","family":"sahlgrenska_patient_1_demoszzyxo@s3testmail.dmdp2.aws.intelpharma.net"},"externalIds":[{"key":"TEST_REFERENCE","value":"SAHLGRENSKA_PATIENT_1"}],"personal":{"gender":"UNKNOWN","createdAt":"2025-10-13T12:41:03.459Z","createdBy":"68ecf35ef960456b1e736845"},"preferences":{},"metrics":{},"provisionedDevices":[]}
----------------------------------------
API INVOCATION LINE: 175
METHOD: POST
REQUEST URL: https://boost.uts-dev01.tenant1.dev.evinova.com/userpod/user/v1/query
REQUEST BODY: {"criterion":{"operator":"AND","criteria":[{"fieldCriterion":{"field":"EXTERNAL_ID_KEY","type":"EQ","values":["TEST_REFERENCE"]}},{"fieldCriterion":{"field":"EXTERNAL_ID_VALUE","type":"EQ","values":["SWEDEN_LST"]}}]}}
RESPONSE METHOD: POST
RESPONSE URL: https://boost.uts-dev01.tenant1.dev.evinova.com/userpod/user/v1/query
STATUS CODE: 200
RESPONSE BODY: {"paging":{"prev":"00000000bce9af95f0cfa034","next":"00000000bce9af95f0cfa034","limit":5000},"users":[]}
----------------------------------------
API INVOCATION LINE: 181
METHOD: POST
REQUEST URL: https://boost.uts-dev01.tenant1.dev.evinova.com/userpod/user/register/v1
REQUEST BODY: {"idpAccounts":[{"provider":"userpod.idp.light","email":"sweden_lst_demoszzyxo@s3testmail.dmdp2.aws.intelpharma.net"}],"localization":{"countryCode":"se","langCode":"sv"},"contactPoints":[{"system":"EMAIL","value":"sweden_lst_demoszzyxo@s3testmail.dmdp2.aws.intelpharma.net","primary":true}],"humanName":{"given":"SWEDEN_LST","family":"sweden_lst_demoszzyxo@s3testmail.dmdp2.aws.intelpharma.net"},"externalIds":[{"key":"TEST_REFERENCE","value":"SWEDEN_LST"}],"roleAccessRefs":[{"accessRefs":[{"type":"ORG","ref":"68ecf35e585e5814b04e273d"}],"role":"LST"}]}
RESPONSE METHOD: POST
RESPONSE URL: https://boost.uts-dev01.tenant1.dev.evinova.com/userpod/user/register/v1
STATUS CODE: 200
RESPONSE BODY: {"userId":"68ecf35fbce9af95f0fcf48f","eventId":7560685463795664451,"status":"REGISTERED","statusTimestamp":1760359263651,"previousStatuses":[],"idpAccounts":[{"provider":"userpod.idp.light","identity":"sweden_lst_demoszzyxo@s3testmail.dmdp2.aws.intelpharma.net","idpSubject":"sweden_lst_demoszzyxo@s3testmail.dmdp2.aws.intelpharma.net","flowType":"USER_REGISTRATION","idpStatus":{"status":"REGISTERED","lastModified":1760359263651},"verified":false}],"audit":{"createdAt":"2025-10-13T12:41:03.651Z[UTC]","createdBy":"68ecf35c9c237be5370a80dd","lastModified":"2025-10-13T12:41:03.651Z[UTC]","modifiedBy":"68ecf35c9c237be5370a80dd"},"localization":{"countryCode":"se","langCode":"sv"},"roleAccessRefs":[{"accessRefs":[{"accessRefId":"68ecf35fbce9af95f0fcf48a","partOf":["68ecf35e585e5814b04e272f"],"type":"ORG","ref":"68ecf35e585e5814b04e273d","fromUtc":1760359263651}],"role":"LST"}],"projects":[],"metas":[],"tags":[],"occasions":[],"customStatuses":[],"contactPoints":[{"contactPointId":"68ecf35fbce9af95f0fcf48e","system":"EMAIL","value":"sweden_lst_demoszzyxo@s3testmail.dmdp2.aws.intelpharma.net","primary":true}],"humanName":{"given":"SWEDEN_LST","family":"sweden_lst_demoszzyxo@s3testmail.dmdp2.aws.intelpharma.net"},"externalIds":[{"key":"TEST_REFERENCE","value":"SWEDEN_LST"}],"personal":{"gender":"UNKNOWN","createdAt":"2025-10-13T12:41:03.651Z","createdBy":"68ecf35c9c237be5370a80dd"},"preferences":{},"metrics":{},"provisionedDevices":[]}
----------------------------------------
